c:\users\greg\downloads\in2026 coursework code\vc\asteroids\debug\vc141.pdb
c:\users\greg\downloads\in2026 coursework code\vc\asteroids\debug\vc141.idb
c:\users\greg\downloads\in2026 coursework code\vc\asteroids\debug\bullet.obj
c:\users\greg\downloads\in2026 coursework code\vc\asteroids\debug\explosion.obj
c:\users\greg\downloads\in2026 coursework code\vc\asteroids\debug\main.obj
c:\users\greg\downloads\in2026 coursework code\vc\asteroids\debug\spaceship.obj
c:\users\greg\downloads\in2026 coursework code\vc\asteroids\debug\asteroids.obj
c:\users\greg\downloads\in2026 coursework code\vc\asteroids\debug\asteroid.obj
c:\users\greg\downloads\in2026 coursework code\vc\asteroids\debug\aspaceship.obj
c:\users\greg\downloads\in2026 coursework code\bin\asteroids.ilk
c:\users\greg\downloads\in2026 coursework code\bin\asteroids.exe
c:\users\greg\downloads\in2026 coursework code\vc\asteroids\debug\asteroids.pdb
c:\users\greg\downloads\in2026 coursework code\vc\asteroids\debug\asteroids.res
c:\users\greg\downloads\in2026 coursework code\vc\asteroids\..\..\bin\asteroids.exe
c:\users\greg\downloads\in2026 coursework code\vc\asteroids\debug\asteroids.tlog\cl.command.1.tlog
c:\users\greg\downloads\in2026 coursework code\vc\asteroids\debug\asteroids.tlog\cl.read.1.tlog
c:\users\greg\downloads\in2026 coursework code\vc\asteroids\debug\asteroids.tlog\cl.write.1.tlog
c:\users\greg\downloads\in2026 coursework code\vc\asteroids\debug\asteroids.tlog\link.command.1.tlog
c:\users\greg\downloads\in2026 coursework code\vc\asteroids\debug\asteroids.tlog\link.read.1.tlog
c:\users\greg\downloads\in2026 coursework code\vc\asteroids\debug\asteroids.tlog\link.write.1.tlog
c:\users\greg\downloads\in2026 coursework code\vc\asteroids\debug\asteroids.tlog\rc.command.1.tlog
c:\users\greg\downloads\in2026 coursework code\vc\asteroids\debug\asteroids.tlog\rc.read.1.tlog
c:\users\greg\downloads\in2026 coursework code\vc\asteroids\debug\asteroids.tlog\rc.write.1.tlog
